<?xml version="1.0" encoding="UTF-8"?>
<!-- Generated by org.testng.reporters.JUnitReportReporter -->
<testsuite hostname="LAPTOP-I956N8A5" name="testNG.test" tests="2" failures="0" timestamp="26 Nov 2021 18:04:28 GMT" time="0.002" errors="2">
  <testcase name="test1" time="0.001" classname="testNG.test">
    <error type="org.openqa.selenium.SessionNotCreatedException" message="session not created: This version of ChromeDriver only supports Chrome version 79
Build info: version: &#039;3.141.59&#039;, revision: &#039;e82be7d358&#039;, time: &#039;2018-11-14T08:17:03&#039;
System info: host: &#039;LAPTOP-I956N8A5&#039;, ip: &#039;192.168.1.13&#039;, os.name: &#039;Windows 10&#039;, os.arch: &#039;amd64&#039;, os.version: &#039;10.0&#039;, java.version: &#039;1.8.0_221&#039;
Driver info: driver.version: ChromeDriver
remote stacktrace: Backtrace:
	Ordinal0 [0x00DAA113+1548563]
	Ordinal0 [0x00D2DDA1+1039777]
	Ordinal0 [0x00CAE485+517253]
	Ordinal0 [0x00C3FD34+64820]
	Ordinal0 [0x00C3C61E+50718]
	Ordinal0 [0x00C5B797+178071]
	Ordinal0 [0x00C5B59D+177565]
	Ordinal0 [0x00C595FB+169467]
	Ordinal0 [0x00C4160A+71178]
	Ordinal0 [0x00C42690+75408]
	Ordinal0 [0x00C42629+75305]
	Ordinal0 [0x00D471B7+1143223]
	GetHandleVerifier [0x00E42B46+507814]
	GetHandleVerifier [0x00E42864+507076]
	GetHandleVerifier [0x00E49F47+537511]
	GetHandleVerifier [0x00E43402+510050]
	Ordinal0 [0x00D3F29C+1110684]
	Ordinal0 [0x00D4938B+1151883]
	Ordinal0 [0x00D494F3+1152243]
	Ordinal0 [0x00D483F5+1147893]
	BaseThreadInitThunk [0x74E7FA29+25]
	RtlGetAppContainerNamedObjectPath [0x76F47A9E+286]
	RtlGetAppContainerNamedObjectPath [0x76F47A6E+238]
">
      <![CDATA[org.openqa.selenium.SessionNotCreatedException: session not created: This version of ChromeDriver only supports Chrome version 79
Build info: version: '3.141.59', revision: 'e82be7d358', time: '2018-11-14T08:17:03'
System info: host: 'LAPTOP-I956N8A5', ip: '192.168.1.13', os.name: 'Windows 10', os.arch: 'amd64', os.version: '10.0', java.version: '1.8.0_221'
Driver info: driver.version: ChromeDriver
remote stacktrace: Backtrace:
	Ordinal0 [0x00DAA113+1548563]
	Ordinal0 [0x00D2DDA1+1039777]
	Ordinal0 [0x00CAE485+517253]
	Ordinal0 [0x00C3FD34+64820]
	Ordinal0 [0x00C3C61E+50718]
	Ordinal0 [0x00C5B797+178071]
	Ordinal0 [0x00C5B59D+177565]
	Ordinal0 [0x00C595FB+169467]
	Ordinal0 [0x00C4160A+71178]
	Ordinal0 [0x00C42690+75408]
	Ordinal0 [0x00C42629+75305]
	Ordinal0 [0x00D471B7+1143223]
	GetHandleVerifier [0x00E42B46+507814]
	GetHandleVerifier [0x00E42864+507076]
	GetHandleVerifier [0x00E49F47+537511]
	GetHandleVerifier [0x00E43402+510050]
	Ordinal0 [0x00D3F29C+1110684]
	Ordinal0 [0x00D4938B+1151883]
	Ordinal0 [0x00D494F3+1152243]
	Ordinal0 [0x00D483F5+1147893]
	BaseThreadInitThunk [0x74E7FA29+25]
	RtlGetAppContainerNamedObjectPath [0x76F47A9E+286]
	RtlGetAppContainerNamedObjectPath [0x76F47A6E+238]

	at sun.reflect.NativeConstructorAccessorImpl.newInstance0(Native Method)
	at sun.reflect.NativeConstructorAccessorImpl.newInstance(Unknown Source)
	at sun.reflect.DelegatingConstructorAccessorImpl.newInstance(Unknown Source)
	at java.lang.reflect.Constructor.newInstance(Unknown Source)
	at org.openqa.selenium.remote.W3CHandshakeResponse.lambda$errorHandler$0(W3CHandshakeResponse.java:62)
	at org.openqa.selenium.remote.HandshakeResponse.lambda$getResponseFunction$0(HandshakeResponse.java:30)
	at org.openqa.selenium.remote.ProtocolHandshake.lambda$createSession$0(ProtocolHandshake.java:126)
	at java.util.stream.ReferencePipeline$3$1.accept(Unknown Source)
	at java.util.Spliterators$ArraySpliterator.tryAdvance(Unknown Source)
	at java.util.stream.ReferencePipeline.forEachWithCancel(Unknown Source)
	at java.util.stream.AbstractPipeline.copyIntoWithCancel(Unknown Source)
	at java.util.stream.AbstractPipeline.copyInto(Unknown Source)
	at java.util.stream.AbstractPipeline.wrapAndCopyInto(Unknown Source)
	at java.util.stream.FindOps$FindOp.evaluateSequential(Unknown Source)
	at java.util.stream.AbstractPipeline.evaluate(Unknown Source)
	at java.util.stream.ReferencePipeline.findFirst(Unknown Source)
	at org.openqa.selenium.remote.ProtocolHandshake.createSession(ProtocolHandshake.java:128)
	at org.openqa.selenium.remote.ProtocolHandshake.createSession(ProtocolHandshake.java:74)
	at org.openqa.selenium.remote.HttpCommandExecutor.execute(HttpCommandExecutor.java:136)
	at org.openqa.selenium.remote.service.DriverCommandExecutor.execute(DriverCommandExecutor.java:83)
	at org.openqa.selenium.remote.RemoteWebDriver.execute(RemoteWebDriver.java:552)
	at org.openqa.selenium.remote.RemoteWebDriver.startSession(RemoteWebDriver.java:213)
	at org.openqa.selenium.remote.RemoteWebDriver.<init>(RemoteWebDriver.java:131)
	at org.openqa.selenium.chrome.ChromeDriver.<init>(ChromeDriver.java:181)
	at org.openqa.selenium.chrome.ChromeDriver.<init>(ChromeDriver.java:168)
	at org.openqa.selenium.chrome.ChromeDriver.<init>(ChromeDriver.java:123)
	at testNG.test.beforeClass(test.java:24)
	at sun.reflect.NativeMethodAccessorImpl.invoke0(Native Method)
	at sun.reflect.NativeMethodAccessorImpl.invoke(Unknown Source)
	at sun.reflect.DelegatingMethodAccessorImpl.invoke(Unknown Source)
	at java.lang.reflect.Method.invoke(Unknown Source)
	at org.testng.internal.MethodInvocationHelper.invokeMethod(MethodInvocationHelper.java:86)
	at org.testng.internal.Invoker.invokeConfigurationMethod(Invoker.java:514)
	at org.testng.internal.Invoker.invokeConfigurations(Invoker.java:215)
	at org.testng.internal.Invoker.invokeConfigurations(Invoker.java:142)
	at org.testng.internal.TestMethodWorker.invokeBeforeClassMethods(TestMethodWorker.java:178)
	at org.testng.internal.TestMethodWorker.run(TestMethodWorker.java:108)
	at org.testng.TestRunner.privateRun(TestRunner.java:782)
	at org.testng.TestRunner.run(TestRunner.java:632)
	at org.testng.SuiteRunner.runTest(SuiteRunner.java:366)
	at org.testng.SuiteRunner.runSequentially(SuiteRunner.java:361)
	at org.testng.SuiteRunner.privateRun(SuiteRunner.java:319)
	at org.testng.SuiteRunner.run(SuiteRunner.java:268)
	at org.testng.SuiteRunnerWorker.runSuite(SuiteRunnerWorker.java:52)
	at org.testng.SuiteRunnerWorker.run(SuiteRunnerWorker.java:86)
	at org.testng.TestNG.runSuitesSequentially(TestNG.java:1244)
	at org.testng.TestNG.runSuitesLocally(TestNG.java:1169)
	at org.testng.TestNG.run(TestNG.java:1064)
	at org.testng.remote.RemoteTestNG.run(RemoteTestNG.java:113)
	at org.testng.remote.RemoteTestNG.initAndRun(RemoteTestNG.java:206)
	at org.testng.remote.RemoteTestNG.main(RemoteTestNG.java:177)
]]>
    </error>
  </testcase> <!-- test1 -->
  <testcase name="test2" time="0.001" classname="testNG.test">
    <error type="org.openqa.selenium.SessionNotCreatedException" message="session not created: This version of ChromeDriver only supports Chrome version 79
Build info: version: &#039;3.141.59&#039;, revision: &#039;e82be7d358&#039;, time: &#039;2018-11-14T08:17:03&#039;
System info: host: &#039;LAPTOP-I956N8A5&#039;, ip: &#039;192.168.1.13&#039;, os.name: &#039;Windows 10&#039;, os.arch: &#039;amd64&#039;, os.version: &#039;10.0&#039;, java.version: &#039;1.8.0_221&#039;
Driver info: driver.version: ChromeDriver
remote stacktrace: Backtrace:
	Ordinal0 [0x00DAA113+1548563]
	Ordinal0 [0x00D2DDA1+1039777]
	Ordinal0 [0x00CAE485+517253]
	Ordinal0 [0x00C3FD34+64820]
	Ordinal0 [0x00C3C61E+50718]
	Ordinal0 [0x00C5B797+178071]
	Ordinal0 [0x00C5B59D+177565]
	Ordinal0 [0x00C595FB+169467]
	Ordinal0 [0x00C4160A+71178]
	Ordinal0 [0x00C42690+75408]
	Ordinal0 [0x00C42629+75305]
	Ordinal0 [0x00D471B7+1143223]
	GetHandleVerifier [0x00E42B46+507814]
	GetHandleVerifier [0x00E42864+507076]
	GetHandleVerifier [0x00E49F47+537511]
	GetHandleVerifier [0x00E43402+510050]
	Ordinal0 [0x00D3F29C+1110684]
	Ordinal0 [0x00D4938B+1151883]
	Ordinal0 [0x00D494F3+1152243]
	Ordinal0 [0x00D483F5+1147893]
	BaseThreadInitThunk [0x74E7FA29+25]
	RtlGetAppContainerNamedObjectPath [0x76F47A9E+286]
	RtlGetAppContainerNamedObjectPath [0x76F47A6E+238]
">
      <![CDATA[org.openqa.selenium.SessionNotCreatedException: session not created: This version of ChromeDriver only supports Chrome version 79
Build info: version: '3.141.59', revision: 'e82be7d358', time: '2018-11-14T08:17:03'
System info: host: 'LAPTOP-I956N8A5', ip: '192.168.1.13', os.name: 'Windows 10', os.arch: 'amd64', os.version: '10.0', java.version: '1.8.0_221'
Driver info: driver.version: ChromeDriver
remote stacktrace: Backtrace:
	Ordinal0 [0x00DAA113+1548563]
	Ordinal0 [0x00D2DDA1+1039777]
	Ordinal0 [0x00CAE485+517253]
	Ordinal0 [0x00C3FD34+64820]
	Ordinal0 [0x00C3C61E+50718]
	Ordinal0 [0x00C5B797+178071]
	Ordinal0 [0x00C5B59D+177565]
	Ordinal0 [0x00C595FB+169467]
	Ordinal0 [0x00C4160A+71178]
	Ordinal0 [0x00C42690+75408]
	Ordinal0 [0x00C42629+75305]
	Ordinal0 [0x00D471B7+1143223]
	GetHandleVerifier [0x00E42B46+507814]
	GetHandleVerifier [0x00E42864+507076]
	GetHandleVerifier [0x00E49F47+537511]
	GetHandleVerifier [0x00E43402+510050]
	Ordinal0 [0x00D3F29C+1110684]
	Ordinal0 [0x00D4938B+1151883]
	Ordinal0 [0x00D494F3+1152243]
	Ordinal0 [0x00D483F5+1147893]
	BaseThreadInitThunk [0x74E7FA29+25]
	RtlGetAppContainerNamedObjectPath [0x76F47A9E+286]
	RtlGetAppContainerNamedObjectPath [0x76F47A6E+238]

	at sun.reflect.NativeConstructorAccessorImpl.newInstance0(Native Method)
	at sun.reflect.NativeConstructorAccessorImpl.newInstance(Unknown Source)
	at sun.reflect.DelegatingConstructorAccessorImpl.newInstance(Unknown Source)
	at java.lang.reflect.Constructor.newInstance(Unknown Source)
	at org.openqa.selenium.remote.W3CHandshakeResponse.lambda$errorHandler$0(W3CHandshakeResponse.java:62)
	at org.openqa.selenium.remote.HandshakeResponse.lambda$getResponseFunction$0(HandshakeResponse.java:30)
	at org.openqa.selenium.remote.ProtocolHandshake.lambda$createSession$0(ProtocolHandshake.java:126)
	at java.util.stream.ReferencePipeline$3$1.accept(Unknown Source)
	at java.util.Spliterators$ArraySpliterator.tryAdvance(Unknown Source)
	at java.util.stream.ReferencePipeline.forEachWithCancel(Unknown Source)
	at java.util.stream.AbstractPipeline.copyIntoWithCancel(Unknown Source)
	at java.util.stream.AbstractPipeline.copyInto(Unknown Source)
	at java.util.stream.AbstractPipeline.wrapAndCopyInto(Unknown Source)
	at java.util.stream.FindOps$FindOp.evaluateSequential(Unknown Source)
	at java.util.stream.AbstractPipeline.evaluate(Unknown Source)
	at java.util.stream.ReferencePipeline.findFirst(Unknown Source)
	at org.openqa.selenium.remote.ProtocolHandshake.createSession(ProtocolHandshake.java:128)
	at org.openqa.selenium.remote.ProtocolHandshake.createSession(ProtocolHandshake.java:74)
	at org.openqa.selenium.remote.HttpCommandExecutor.execute(HttpCommandExecutor.java:136)
	at org.openqa.selenium.remote.service.DriverCommandExecutor.execute(DriverCommandExecutor.java:83)
	at org.openqa.selenium.remote.RemoteWebDriver.execute(RemoteWebDriver.java:552)
	at org.openqa.selenium.remote.RemoteWebDriver.startSession(RemoteWebDriver.java:213)
	at org.openqa.selenium.remote.RemoteWebDriver.<init>(RemoteWebDriver.java:131)
	at org.openqa.selenium.chrome.ChromeDriver.<init>(ChromeDriver.java:181)
	at org.openqa.selenium.chrome.ChromeDriver.<init>(ChromeDriver.java:168)
	at org.openqa.selenium.chrome.ChromeDriver.<init>(ChromeDriver.java:123)
	at testNG.test.beforeClass(test.java:24)
	at sun.reflect.NativeMethodAccessorImpl.invoke0(Native Method)
	at sun.reflect.NativeMethodAccessorImpl.invoke(Unknown Source)
	at sun.reflect.DelegatingMethodAccessorImpl.invoke(Unknown Source)
	at java.lang.reflect.Method.invoke(Unknown Source)
	at org.testng.internal.MethodInvocationHelper.invokeMethod(MethodInvocationHelper.java:86)
	at org.testng.internal.Invoker.invokeConfigurationMethod(Invoker.java:514)
	at org.testng.internal.Invoker.invokeConfigurations(Invoker.java:215)
	at org.testng.internal.Invoker.invokeConfigurations(Invoker.java:142)
	at org.testng.internal.TestMethodWorker.invokeBeforeClassMethods(TestMethodWorker.java:178)
	at org.testng.internal.TestMethodWorker.run(TestMethodWorker.java:108)
	at org.testng.TestRunner.privateRun(TestRunner.java:782)
	at org.testng.TestRunner.run(TestRunner.java:632)
	at org.testng.SuiteRunner.runTest(SuiteRunner.java:366)
	at org.testng.SuiteRunner.runSequentially(SuiteRunner.java:361)
	at org.testng.SuiteRunner.privateRun(SuiteRunner.java:319)
	at org.testng.SuiteRunner.run(SuiteRunner.java:268)
	at org.testng.SuiteRunnerWorker.runSuite(SuiteRunnerWorker.java:52)
	at org.testng.SuiteRunnerWorker.run(SuiteRunnerWorker.java:86)
	at org.testng.TestNG.runSuitesSequentially(TestNG.java:1244)
	at org.testng.TestNG.runSuitesLocally(TestNG.java:1169)
	at org.testng.TestNG.run(TestNG.java:1064)
	at org.testng.remote.RemoteTestNG.run(RemoteTestNG.java:113)
	at org.testng.remote.RemoteTestNG.initAndRun(RemoteTestNG.java:206)
	at org.testng.remote.RemoteTestNG.main(RemoteTestNG.java:177)
]]>
    </error>
  </testcase> <!-- test2 -->
</testsuite> <!-- testNG.test -->
